mode: set
user-curd/http/users/http.go:16.59,18.2 1 1
user-curd/http/users/http.go:20.86,24.16 3 1
user-curd/http/users/http.go:34.2,35.16 2 1
user-curd/http/users/http.go:45.2,46.16 2 1
user-curd/http/users/http.go:24.16,28.16 4 1
user-curd/http/users/http.go:31.3,31.9 1 1
user-curd/http/users/http.go:28.16,30.4 1 1
user-curd/http/users/http.go:35.16,39.16 4 1
user-curd/http/users/http.go:42.3,42.9 1 1
user-curd/http/users/http.go:39.16,41.4 1 1
user-curd/http/users/http.go:46.16,48.3 1 1
user-curd/http/users/http.go:51.85,54.16 3 1
user-curd/http/users/http.go:64.2,65.16 2 1
user-curd/http/users/http.go:54.16,58.16 4 1
user-curd/http/users/http.go:61.3,61.9 1 1
user-curd/http/users/http.go:58.16,60.4 1 1
user-curd/http/users/http.go:65.16,67.3 1 1
user-curd/http/users/http.go:70.85,86.16 6 1
user-curd/http/users/http.go:95.2,95.36 1 1
user-curd/http/users/http.go:86.16,90.16 4 1
user-curd/http/users/http.go:93.3,93.9 1 1
user-curd/http/users/http.go:90.16,92.4 1 1
user-curd/http/users/http.go:98.85,102.16 4 1
user-curd/http/users/http.go:112.2,127.16 5 1
user-curd/http/users/http.go:136.2,136.31 1 1
user-curd/http/users/http.go:102.16,106.16 4 1
user-curd/http/users/http.go:109.3,109.9 1 1
user-curd/http/users/http.go:106.16,108.4 1 1
user-curd/http/users/http.go:127.16,131.16 4 1
user-curd/http/users/http.go:134.3,134.9 1 1
user-curd/http/users/http.go:131.16,133.4 1 1
user-curd/http/users/http.go:139.85,142.16 3 1
user-curd/http/users/http.go:152.2,153.16 2 1
user-curd/http/users/http.go:162.2,162.31 1 1
user-curd/http/users/http.go:142.16,146.16 4 1
user-curd/http/users/http.go:149.3,149.9 1 1
user-curd/http/users/http.go:146.16,148.4 1 1
user-curd/http/users/http.go:153.16,157.16 4 1
user-curd/http/users/http.go:160.3,160.9 1 1
user-curd/http/users/http.go:157.16,159.4 1 1
