mode: set
user-curd/http/users/http.go:17.59,20.2 1 1
user-curd/http/users/http.go:22.86,29.16 3 1
user-curd/http/users/http.go:40.2,41.16 2 1
user-curd/http/users/http.go:52.2,53.16 2 1
user-curd/http/users/http.go:29.16,33.16 4 1
user-curd/http/users/http.go:36.3,36.9 1 1
user-curd/http/users/http.go:33.16,35.4 1 1
user-curd/http/users/http.go:41.16,45.16 4 1
user-curd/http/users/http.go:48.3,48.9 1 1
user-curd/http/users/http.go:45.16,47.4 1 1
user-curd/http/users/http.go:53.16,55.3 1 1
user-curd/http/users/http.go:58.85,65.16 3 1
user-curd/http/users/http.go:76.2,77.16 2 1
user-curd/http/users/http.go:65.16,69.16 4 1
user-curd/http/users/http.go:72.3,72.9 1 1
user-curd/http/users/http.go:69.16,71.4 1 1
user-curd/http/users/http.go:77.16,79.3 1 1
user-curd/http/users/http.go:82.85,91.16 6 1
user-curd/http/users/http.go:100.2,100.36 1 1
user-curd/http/users/http.go:91.16,95.16 4 1
user-curd/http/users/http.go:98.3,98.9 1 1
user-curd/http/users/http.go:95.16,97.4 1 1
user-curd/http/users/http.go:103.85,109.16 4 1
user-curd/http/users/http.go:119.2,136.16 5 1
user-curd/http/users/http.go:147.2,147.31 1 1
user-curd/http/users/http.go:109.16,113.16 4 1
user-curd/http/users/http.go:116.3,116.9 1 1
user-curd/http/users/http.go:113.16,115.4 1 1
user-curd/http/users/http.go:136.16,140.16 4 1
user-curd/http/users/http.go:143.3,143.9 1 1
user-curd/http/users/http.go:140.16,142.4 1 1
user-curd/http/users/http.go:150.85,155.16 3 1
user-curd/http/users/http.go:166.2,167.16 2 1
user-curd/http/users/http.go:178.2,178.31 1 1
user-curd/http/users/http.go:155.16,159.16 4 1
user-curd/http/users/http.go:162.3,162.9 1 1
user-curd/http/users/http.go:159.16,161.4 1 1
user-curd/http/users/http.go:167.16,171.16 4 1
user-curd/http/users/http.go:174.3,174.9 1 1
user-curd/http/users/http.go:171.16,173.4 1 1
