mode: set
go_lang/Assignment/user-curd/middleware/filter.go:10.48,11.72 1 0
go_lang/Assignment/user-curd/middleware/filter.go:11.72,14.16 3 0
go_lang/Assignment/user-curd/middleware/filter.go:17.3,17.15 1 0
go_lang/Assignment/user-curd/middleware/filter.go:23.3,23.27 1 0
go_lang/Assignment/user-curd/middleware/filter.go:14.16,16.4 1 0
go_lang/Assignment/user-curd/middleware/filter.go:17.15,22.4 4 0
go_lang/Assignment/user-curd/stores/user/store.go:14.34,16.2 1 0
go_lang/Assignment/user-curd/stores/user/store.go:18.57,20.18 2 0
go_lang/Assignment/user-curd/stores/user/store.go:23.2,23.12 1 0
go_lang/Assignment/user-curd/stores/user/store.go:20.18,22.3 1 0
go_lang/Assignment/user-curd/stores/user/store.go:26.63,31.2 4 0
go_lang/Assignment/user-curd/stores/user/store.go:33.59,36.18 3 0
go_lang/Assignment/user-curd/stores/user/store.go:39.2,40.18 2 0
go_lang/Assignment/user-curd/stores/user/store.go:45.2,45.22 1 0
go_lang/Assignment/user-curd/stores/user/store.go:36.18,38.3 1 0
go_lang/Assignment/user-curd/stores/user/store.go:40.18,44.3 3 0
go_lang/Assignment/user-curd/stores/user/store.go:48.57,53.21 3 0
go_lang/Assignment/user-curd/stores/user/store.go:58.2,58.22 1 0
go_lang/Assignment/user-curd/stores/user/store.go:63.2,63.22 1 0
go_lang/Assignment/user-curd/stores/user/store.go:68.2,68.19 1 0
go_lang/Assignment/user-curd/stores/user/store.go:73.2,73.17 1 0
go_lang/Assignment/user-curd/stores/user/store.go:80.2,81.16 2 0
go_lang/Assignment/user-curd/stores/user/store.go:84.2,84.12 1 0
go_lang/Assignment/user-curd/stores/user/store.go:53.21,56.3 2 0
go_lang/Assignment/user-curd/stores/user/store.go:58.22,61.3 2 0
go_lang/Assignment/user-curd/stores/user/store.go:63.22,66.3 2 0
go_lang/Assignment/user-curd/stores/user/store.go:68.19,71.3 2 0
go_lang/Assignment/user-curd/stores/user/store.go:73.17,76.3 2 0
go_lang/Assignment/user-curd/stores/user/store.go:76.8,78.3 1 0
go_lang/Assignment/user-curd/stores/user/store.go:81.16,83.3 1 0
go_lang/Assignment/user-curd/stores/user/store.go:87.47,89.18 2 0
go_lang/Assignment/user-curd/stores/user/store.go:92.2,92.12 1 0
go_lang/Assignment/user-curd/stores/user/store.go:89.18,91.3 1 0
go_lang/Assignment/user-curd/services/user/function.go:8.39,11.2 2 1
go_lang/Assignment/user-curd/services/user/function.go:13.40,16.2 2 1
go_lang/Assignment/user-curd/services/user/function.go:18.36,19.48 1 1
go_lang/Assignment/user-curd/services/user/function.go:22.2,22.13 1 1
go_lang/Assignment/user-curd/services/user/function.go:19.48,21.3 1 1
go_lang/Assignment/user-curd/services/user/service.go:14.44,16.2 1 1
go_lang/Assignment/user-curd/services/user/service.go:18.64,20.31 1 1
go_lang/Assignment/user-curd/services/user/service.go:24.2,24.31 1 1
go_lang/Assignment/user-curd/services/user/service.go:27.2,28.19 2 1
go_lang/Assignment/user-curd/services/user/service.go:31.2,31.12 1 1
go_lang/Assignment/user-curd/services/user/service.go:20.31,22.3 1 1
go_lang/Assignment/user-curd/services/user/service.go:24.31,26.3 1 1
go_lang/Assignment/user-curd/services/user/service.go:28.19,30.3 1 1
go_lang/Assignment/user-curd/services/user/service.go:34.70,39.2 2 1
go_lang/Assignment/user-curd/services/user/service.go:41.69,43.2 1 1
go_lang/Assignment/user-curd/services/user/service.go:45.67,47.31 1 1
go_lang/Assignment/user-curd/services/user/service.go:51.2,51.31 1 1
go_lang/Assignment/user-curd/services/user/service.go:55.2,56.16 2 1
go_lang/Assignment/user-curd/services/user/service.go:59.2,59.12 1 1
go_lang/Assignment/user-curd/services/user/service.go:47.31,49.3 1 1
go_lang/Assignment/user-curd/services/user/service.go:51.31,53.3 1 1
go_lang/Assignment/user-curd/services/user/service.go:56.16,58.3 1 1
go_lang/Assignment/user-curd/services/user/service.go:62.58,65.16 2 1
go_lang/Assignment/user-curd/services/user/service.go:68.2,68.12 1 1
go_lang/Assignment/user-curd/services/user/service.go:65.16,67.3 1 1
go_lang/Assignment/user-curd/services/mock_interface.go:25.61,29.2 3 0
go_lang/Assignment/user-curd/services/mock_interface.go:32.59,34.2 1 0
go_lang/Assignment/user-curd/services/mock_interface.go:37.55,42.2 4 0
go_lang/Assignment/user-curd/services/mock_interface.go:45.75,48.2 2 0
go_lang/Assignment/user-curd/services/mock_interface.go:51.61,57.2 5 0
go_lang/Assignment/user-curd/services/mock_interface.go:60.74,63.2 2 0
go_lang/Assignment/user-curd/services/mock_interface.go:66.60,72.2 5 0
go_lang/Assignment/user-curd/services/mock_interface.go:75.63,78.2 2 0
go_lang/Assignment/user-curd/services/mock_interface.go:81.59,86.2 4 0
go_lang/Assignment/user-curd/services/mock_interface.go:89.79,92.2 2 0
go_lang/Assignment/user-curd/services/mock_interface.go:95.49,100.2 4 0
go_lang/Assignment/user-curd/services/mock_interface.go:103.77,106.2 2 0
go_lang/Assignment/user-curd/http/httpuser/http.go:15.94,20.16 3 0
go_lang/Assignment/user-curd/http/httpuser/http.go:28.2,30.16 2 0
go_lang/Assignment/user-curd/http/httpuser/http.go:37.2,39.41 3 0
go_lang/Assignment/user-curd/http/httpuser/http.go:20.16,26.3 5 0
go_lang/Assignment/user-curd/http/httpuser/http.go:30.16,35.3 4 0
go_lang/Assignment/user-curd/http/httpuser/http.go:42.94,46.16 2 0
go_lang/Assignment/user-curd/http/httpuser/http.go:46.16,52.3 5 0
go_lang/Assignment/user-curd/http/httpuser/http.go:52.8,56.3 3 0
go_lang/Assignment/user-curd/http/httpuser/http.go:60.91,65.16 4 0
go_lang/Assignment/user-curd/http/httpuser/http.go:72.2,74.16 2 0
go_lang/Assignment/user-curd/http/httpuser/http.go:65.16,70.3 4 0
go_lang/Assignment/user-curd/http/httpuser/http.go:74.16,79.3 4 0
go_lang/Assignment/user-curd/http/httpuser/http.go:79.8,83.3 3 0
go_lang/Assignment/user-curd/http/httpuser/http.go:86.94,91.16 4 0
go_lang/Assignment/user-curd/http/httpuser/http.go:98.2,100.16 2 0
go_lang/Assignment/user-curd/http/httpuser/http.go:91.16,96.3 4 0
go_lang/Assignment/user-curd/http/httpuser/http.go:100.16,105.3 4 0
go_lang/Assignment/user-curd/http/httpuser/http.go:105.8,110.3 4 0
go_lang/Assignment/user-curd/http/httpuser/http.go:113.94,119.27 4 0
go_lang/Assignment/user-curd/http/httpuser/http.go:119.27,124.3 4 0
go_lang/Assignment/user-curd/http/httpuser/http.go:124.8,129.3 4 0
go_lang/Assignment/user-curd/stores/mock_interface.go:25.53,29.2 3 1
go_lang/Assignment/user-curd/stores/mock_interface.go:32.51,34.2 1 1
go_lang/Assignment/user-curd/stores/mock_interface.go:37.51,42.2 4 1
go_lang/Assignment/user-curd/stores/mock_interface.go:45.71,48.2 2 1
go_lang/Assignment/user-curd/stores/mock_interface.go:51.57,57.2 5 1
go_lang/Assignment/user-curd/stores/mock_interface.go:60.70,63.2 2 1
go_lang/Assignment/user-curd/stores/mock_interface.go:66.53,72.2 5 1
go_lang/Assignment/user-curd/stores/mock_interface.go:75.56,78.2 2 1
go_lang/Assignment/user-curd/stores/mock_interface.go:81.51,86.2 4 1
go_lang/Assignment/user-curd/stores/mock_interface.go:89.71,92.2 2 1
go_lang/Assignment/user-curd/stores/mock_interface.go:95.41,100.2 4 1
go_lang/Assignment/user-curd/stores/mock_interface.go:103.69,106.2 2 1
go_lang/Assignment/user-curd/main.go:17.24,19.18 2 0
go_lang/Assignment/user-curd/main.go:24.2,24.19 1 0
go_lang/Assignment/user-curd/main.go:19.18,22.3 2 0
go_lang/Assignment/user-curd/main.go:27.100,29.2 1 0
go_lang/Assignment/user-curd/main.go:31.13,59.2 17 0
go_lang/Assignment/user-curd/stores/mock_interface.go:25.53,29.2 3 0
go_lang/Assignment/user-curd/stores/mock_interface.go:32.51,34.2 1 0
go_lang/Assignment/user-curd/stores/mock_interface.go:37.51,42.2 4 0
go_lang/Assignment/user-curd/stores/mock_interface.go:45.71,48.2 2 0
go_lang/Assignment/user-curd/stores/mock_interface.go:51.57,57.2 5 0
go_lang/Assignment/user-curd/stores/mock_interface.go:60.70,63.2 2 0
go_lang/Assignment/user-curd/stores/mock_interface.go:66.53,72.2 5 0
go_lang/Assignment/user-curd/stores/mock_interface.go:75.56,78.2 2 0
go_lang/Assignment/user-curd/stores/mock_interface.go:81.51,86.2 4 0
go_lang/Assignment/user-curd/stores/mock_interface.go:89.71,92.2 2 0
go_lang/Assignment/user-curd/stores/mock_interface.go:95.41,100.2 4 0
go_lang/Assignment/user-curd/stores/mock_interface.go:103.69,106.2 2 0
go_lang/Assignment/user-curd/services/user/function.go:8.39,11.2 2 0
go_lang/Assignment/user-curd/services/user/function.go:13.40,16.2 2 0
go_lang/Assignment/user-curd/services/user/function.go:18.36,19.48 1 0
go_lang/Assignment/user-curd/services/user/function.go:22.2,22.13 1 0
go_lang/Assignment/user-curd/services/user/function.go:19.48,21.3 1 0
go_lang/Assignment/user-curd/middleware/filter.go:10.48,11.72 1 0
go_lang/Assignment/user-curd/middleware/filter.go:11.72,14.16 3 0
go_lang/Assignment/user-curd/middleware/filter.go:17.3,17.15 1 0
go_lang/Assignment/user-curd/middleware/filter.go:23.3,23.27 1 0
go_lang/Assignment/user-curd/middleware/filter.go:14.16,16.4 1 0
go_lang/Assignment/user-curd/middleware/filter.go:17.15,22.4 4 0
go_lang/Assignment/user-curd/http/httpuser/http.go:15.94,20.16 3 1
go_lang/Assignment/user-curd/http/httpuser/http.go:28.2,30.16 2 1
go_lang/Assignment/user-curd/http/httpuser/http.go:37.2,39.41 3 1
go_lang/Assignment/user-curd/http/httpuser/http.go:20.16,26.3 5 1
go_lang/Assignment/user-curd/http/httpuser/http.go:30.16,35.3 4 1
go_lang/Assignment/user-curd/http/httpuser/http.go:42.94,46.16 2 1
go_lang/Assignment/user-curd/http/httpuser/http.go:46.16,52.3 5 1
go_lang/Assignment/user-curd/http/httpuser/http.go:52.8,56.3 3 1
go_lang/Assignment/user-curd/http/httpuser/http.go:60.91,65.16 4 1
go_lang/Assignment/user-curd/http/httpuser/http.go:72.2,74.16 2 1
go_lang/Assignment/user-curd/http/httpuser/http.go:65.16,70.3 4 1
go_lang/Assignment/user-curd/http/httpuser/http.go:74.16,79.3 4 1
go_lang/Assignment/user-curd/http/httpuser/http.go:79.8,83.3 3 1
go_lang/Assignment/user-curd/http/httpuser/http.go:86.94,91.16 4 1
go_lang/Assignment/user-curd/http/httpuser/http.go:98.2,100.16 2 1
go_lang/Assignment/user-curd/http/httpuser/http.go:91.16,96.3 4 1
go_lang/Assignment/user-curd/http/httpuser/http.go:100.16,105.3 4 1
go_lang/Assignment/user-curd/http/httpuser/http.go:105.8,110.3 4 1
go_lang/Assignment/user-curd/http/httpuser/http.go:113.94,119.27 4 1
go_lang/Assignment/user-curd/http/httpuser/http.go:119.27,124.3 4 1
go_lang/Assignment/user-curd/http/httpuser/http.go:124.8,129.3 4 1
go_lang/Assignment/user-curd/services/user/service.go:14.44,16.2 1 0
go_lang/Assignment/user-curd/services/user/service.go:18.64,20.31 1 0
go_lang/Assignment/user-curd/services/user/service.go:24.2,24.31 1 0
go_lang/Assignment/user-curd/services/user/service.go:27.2,28.19 2 0
go_lang/Assignment/user-curd/services/user/service.go:31.2,31.12 1 0
go_lang/Assignment/user-curd/services/user/service.go:20.31,22.3 1 0
go_lang/Assignment/user-curd/services/user/service.go:24.31,26.3 1 0
go_lang/Assignment/user-curd/services/user/service.go:28.19,30.3 1 0
go_lang/Assignment/user-curd/services/user/service.go:34.70,39.2 2 0
go_lang/Assignment/user-curd/services/user/service.go:41.69,43.2 1 0
go_lang/Assignment/user-curd/services/user/service.go:45.67,47.31 1 0
go_lang/Assignment/user-curd/services/user/service.go:51.2,51.31 1 0
go_lang/Assignment/user-curd/services/user/service.go:55.2,56.16 2 0
go_lang/Assignment/user-curd/services/user/service.go:59.2,59.12 1 0
go_lang/Assignment/user-curd/services/user/service.go:47.31,49.3 1 0
go_lang/Assignment/user-curd/services/user/service.go:51.31,53.3 1 0
go_lang/Assignment/user-curd/services/user/service.go:56.16,58.3 1 0
go_lang/Assignment/user-curd/services/user/service.go:62.58,65.16 2 0
go_lang/Assignment/user-curd/services/user/service.go:68.2,68.12 1 0
go_lang/Assignment/user-curd/services/user/service.go:65.16,67.3 1 0
go_lang/Assignment/user-curd/stores/user/store.go:14.34,16.2 1 0
go_lang/Assignment/user-curd/stores/user/store.go:18.57,20.18 2 0
go_lang/Assignment/user-curd/stores/user/store.go:23.2,23.12 1 0
go_lang/Assignment/user-curd/stores/user/store.go:20.18,22.3 1 0
go_lang/Assignment/user-curd/stores/user/store.go:26.63,31.2 4 0
go_lang/Assignment/user-curd/stores/user/store.go:33.59,36.18 3 0
go_lang/Assignment/user-curd/stores/user/store.go:39.2,40.18 2 0
go_lang/Assignment/user-curd/stores/user/store.go:45.2,45.22 1 0
go_lang/Assignment/user-curd/stores/user/store.go:36.18,38.3 1 0
go_lang/Assignment/user-curd/stores/user/store.go:40.18,44.3 3 0
go_lang/Assignment/user-curd/stores/user/store.go:48.57,53.21 3 0
go_lang/Assignment/user-curd/stores/user/store.go:58.2,58.22 1 0
go_lang/Assignment/user-curd/stores/user/store.go:63.2,63.22 1 0
go_lang/Assignment/user-curd/stores/user/store.go:68.2,68.19 1 0
go_lang/Assignment/user-curd/stores/user/store.go:73.2,73.17 1 0
go_lang/Assignment/user-curd/stores/user/store.go:80.2,81.16 2 0
go_lang/Assignment/user-curd/stores/user/store.go:84.2,84.12 1 0
go_lang/Assignment/user-curd/stores/user/store.go:53.21,56.3 2 0
go_lang/Assignment/user-curd/stores/user/store.go:58.22,61.3 2 0
go_lang/Assignment/user-curd/stores/user/store.go:63.22,66.3 2 0
go_lang/Assignment/user-curd/stores/user/store.go:68.19,71.3 2 0
go_lang/Assignment/user-curd/stores/user/store.go:73.17,76.3 2 0
go_lang/Assignment/user-curd/stores/user/store.go:76.8,78.3 1 0
go_lang/Assignment/user-curd/stores/user/store.go:81.16,83.3 1 0
go_lang/Assignment/user-curd/stores/user/store.go:87.47,89.18 2 0
go_lang/Assignment/user-curd/stores/user/store.go:92.2,92.12 1 0
go_lang/Assignment/user-curd/stores/user/store.go:89.18,91.3 1 0
go_lang/Assignment/user-curd/main.go:17.24,19.18 2 0
go_lang/Assignment/user-curd/main.go:24.2,24.19 1 0
go_lang/Assignment/user-curd/main.go:19.18,22.3 2 0
go_lang/Assignment/user-curd/main.go:27.100,29.2 1 0
go_lang/Assignment/user-curd/main.go:31.13,59.2 17 0
go_lang/Assignment/user-curd/services/mock_interface.go:25.61,29.2 3 1
go_lang/Assignment/user-curd/services/mock_interface.go:32.59,34.2 1 1
go_lang/Assignment/user-curd/services/mock_interface.go:37.55,42.2 4 1
go_lang/Assignment/user-curd/services/mock_interface.go:45.75,48.2 2 1
go_lang/Assignment/user-curd/services/mock_interface.go:51.61,57.2 5 1
go_lang/Assignment/user-curd/services/mock_interface.go:60.74,63.2 2 1
go_lang/Assignment/user-curd/services/mock_interface.go:66.60,72.2 5 1
go_lang/Assignment/user-curd/services/mock_interface.go:75.63,78.2 2 1
go_lang/Assignment/user-curd/services/mock_interface.go:81.59,86.2 4 1
go_lang/Assignment/user-curd/services/mock_interface.go:89.79,92.2 2 1
go_lang/Assignment/user-curd/services/mock_interface.go:95.49,100.2 4 1
go_lang/Assignment/user-curd/services/mock_interface.go:103.77,106.2 2 1
go_lang/Assignment/user-curd/services/user/function.go:8.39,11.2 2 0
go_lang/Assignment/user-curd/services/user/function.go:13.40,16.2 2 0
go_lang/Assignment/user-curd/services/user/function.go:18.36,19.48 1 0
go_lang/Assignment/user-curd/services/user/function.go:22.2,22.13 1 0
go_lang/Assignment/user-curd/services/user/function.go:19.48,21.3 1 0
go_lang/Assignment/user-curd/services/user/service.go:14.44,16.2 1 0
go_lang/Assignment/user-curd/services/user/service.go:18.64,20.31 1 0
go_lang/Assignment/user-curd/services/user/service.go:24.2,24.31 1 0
go_lang/Assignment/user-curd/services/user/service.go:27.2,28.19 2 0
go_lang/Assignment/user-curd/services/user/service.go:31.2,31.12 1 0
go_lang/Assignment/user-curd/services/user/service.go:20.31,22.3 1 0
go_lang/Assignment/user-curd/services/user/service.go:24.31,26.3 1 0
go_lang/Assignment/user-curd/services/user/service.go:28.19,30.3 1 0
go_lang/Assignment/user-curd/services/user/service.go:34.70,39.2 2 0
go_lang/Assignment/user-curd/services/user/service.go:41.69,43.2 1 0
go_lang/Assignment/user-curd/services/user/service.go:45.67,47.31 1 0
go_lang/Assignment/user-curd/services/user/service.go:51.2,51.31 1 0
go_lang/Assignment/user-curd/services/user/service.go:55.2,56.16 2 0
go_lang/Assignment/user-curd/services/user/service.go:59.2,59.12 1 0
go_lang/Assignment/user-curd/services/user/service.go:47.31,49.3 1 0
go_lang/Assignment/user-curd/services/user/service.go:51.31,53.3 1 0
go_lang/Assignment/user-curd/services/user/service.go:56.16,58.3 1 0
go_lang/Assignment/user-curd/services/user/service.go:62.58,65.16 2 0
go_lang/Assignment/user-curd/services/user/service.go:68.2,68.12 1 0
go_lang/Assignment/user-curd/services/user/service.go:65.16,67.3 1 0
go_lang/Assignment/user-curd/main.go:17.24,19.18 2 0
go_lang/Assignment/user-curd/main.go:24.2,24.19 1 0
go_lang/Assignment/user-curd/main.go:19.18,22.3 2 0
go_lang/Assignment/user-curd/main.go:27.100,29.2 1 0
go_lang/Assignment/user-curd/main.go:31.13,59.2 17 0
go_lang/Assignment/user-curd/stores/user/store.go:14.34,16.2 1 1
go_lang/Assignment/user-curd/stores/user/store.go:18.57,20.18 2 1
go_lang/Assignment/user-curd/stores/user/store.go:23.2,23.12 1 1
go_lang/Assignment/user-curd/stores/user/store.go:20.18,22.3 1 1
go_lang/Assignment/user-curd/stores/user/store.go:26.63,31.2 4 1
go_lang/Assignment/user-curd/stores/user/store.go:33.59,36.18 3 1
go_lang/Assignment/user-curd/stores/user/store.go:39.2,40.18 2 1
go_lang/Assignment/user-curd/stores/user/store.go:45.2,45.22 1 1
go_lang/Assignment/user-curd/stores/user/store.go:36.18,38.3 1 1
go_lang/Assignment/user-curd/stores/user/store.go:40.18,44.3 3 1
go_lang/Assignment/user-curd/stores/user/store.go:48.57,53.21 3 1
go_lang/Assignment/user-curd/stores/user/store.go:58.2,58.22 1 1
go_lang/Assignment/user-curd/stores/user/store.go:63.2,63.22 1 1
go_lang/Assignment/user-curd/stores/user/store.go:68.2,68.19 1 1
go_lang/Assignment/user-curd/stores/user/store.go:73.2,73.17 1 1
go_lang/Assignment/user-curd/stores/user/store.go:80.2,81.16 2 1
go_lang/Assignment/user-curd/stores/user/store.go:84.2,84.12 1 1
go_lang/Assignment/user-curd/stores/user/store.go:53.21,56.3 2 1
go_lang/Assignment/user-curd/stores/user/store.go:58.22,61.3 2 1
go_lang/Assignment/user-curd/stores/user/store.go:63.22,66.3 2 1
go_lang/Assignment/user-curd/stores/user/store.go:68.19,71.3 2 1
go_lang/Assignment/user-curd/stores/user/store.go:73.17,76.3 2 1
go_lang/Assignment/user-curd/stores/user/store.go:76.8,78.3 1 1
go_lang/Assignment/user-curd/stores/user/store.go:81.16,83.3 1 1
go_lang/Assignment/user-curd/stores/user/store.go:87.47,89.18 2 1
go_lang/Assignment/user-curd/stores/user/store.go:92.2,92.12 1 1
go_lang/Assignment/user-curd/stores/user/store.go:89.18,91.3 1 1
go_lang/Assignment/user-curd/services/mock_interface.go:25.61,29.2 3 0
go_lang/Assignment/user-curd/services/mock_interface.go:32.59,34.2 1 0
go_lang/Assignment/user-curd/services/mock_interface.go:37.55,42.2 4 0
go_lang/Assignment/user-curd/services/mock_interface.go:45.75,48.2 2 0
go_lang/Assignment/user-curd/services/mock_interface.go:51.61,57.2 5 0
go_lang/Assignment/user-curd/services/mock_interface.go:60.74,63.2 2 0
go_lang/Assignment/user-curd/services/mock_interface.go:66.60,72.2 5 0
go_lang/Assignment/user-curd/services/mock_interface.go:75.63,78.2 2 0
go_lang/Assignment/user-curd/services/mock_interface.go:81.59,86.2 4 0
go_lang/Assignment/user-curd/services/mock_interface.go:89.79,92.2 2 0
go_lang/Assignment/user-curd/services/mock_interface.go:95.49,100.2 4 0
go_lang/Assignment/user-curd/services/mock_interface.go:103.77,106.2 2 0
go_lang/Assignment/user-curd/stores/mock_interface.go:25.53,29.2 3 0
go_lang/Assignment/user-curd/stores/mock_interface.go:32.51,34.2 1 0
go_lang/Assignment/user-curd/stores/mock_interface.go:37.51,42.2 4 0
go_lang/Assignment/user-curd/stores/mock_interface.go:45.71,48.2 2 0
go_lang/Assignment/user-curd/stores/mock_interface.go:51.57,57.2 5 0
go_lang/Assignment/user-curd/stores/mock_interface.go:60.70,63.2 2 0
go_lang/Assignment/user-curd/stores/mock_interface.go:66.53,72.2 5 0
go_lang/Assignment/user-curd/stores/mock_interface.go:75.56,78.2 2 0
go_lang/Assignment/user-curd/stores/mock_interface.go:81.51,86.2 4 0
go_lang/Assignment/user-curd/stores/mock_interface.go:89.71,92.2 2 0
go_lang/Assignment/user-curd/stores/mock_interface.go:95.41,100.2 4 0
go_lang/Assignment/user-curd/stores/mock_interface.go:103.69,106.2 2 0
go_lang/Assignment/user-curd/middleware/filter.go:10.48,11.72 1 0
go_lang/Assignment/user-curd/middleware/filter.go:11.72,14.16 3 0
go_lang/Assignment/user-curd/middleware/filter.go:17.3,17.15 1 0
go_lang/Assignment/user-curd/middleware/filter.go:23.3,23.27 1 0
go_lang/Assignment/user-curd/middleware/filter.go:14.16,16.4 1 0
go_lang/Assignment/user-curd/middleware/filter.go:17.15,22.4 4 0
go_lang/Assignment/user-curd/http/httpuser/http.go:15.94,20.16 3 0
go_lang/Assignment/user-curd/http/httpuser/http.go:28.2,30.16 2 0
go_lang/Assignment/user-curd/http/httpuser/http.go:37.2,39.41 3 0
go_lang/Assignment/user-curd/http/httpuser/http.go:20.16,26.3 5 0
go_lang/Assignment/user-curd/http/httpuser/http.go:30.16,35.3 4 0
go_lang/Assignment/user-curd/http/httpuser/http.go:42.94,46.16 2 0
go_lang/Assignment/user-curd/http/httpuser/http.go:46.16,52.3 5 0
go_lang/Assignment/user-curd/http/httpuser/http.go:52.8,56.3 3 0
go_lang/Assignment/user-curd/http/httpuser/http.go:60.91,65.16 4 0
go_lang/Assignment/user-curd/http/httpuser/http.go:72.2,74.16 2 0
go_lang/Assignment/user-curd/http/httpuser/http.go:65.16,70.3 4 0
go_lang/Assignment/user-curd/http/httpuser/http.go:74.16,79.3 4 0
go_lang/Assignment/user-curd/http/httpuser/http.go:79.8,83.3 3 0
go_lang/Assignment/user-curd/http/httpuser/http.go:86.94,91.16 4 0
go_lang/Assignment/user-curd/http/httpuser/http.go:98.2,100.16 2 0
go_lang/Assignment/user-curd/http/httpuser/http.go:91.16,96.3 4 0
go_lang/Assignment/user-curd/http/httpuser/http.go:100.16,105.3 4 0
go_lang/Assignment/user-curd/http/httpuser/http.go:105.8,110.3 4 0
go_lang/Assignment/user-curd/http/httpuser/http.go:113.94,119.27 4 0
go_lang/Assignment/user-curd/http/httpuser/http.go:119.27,124.3 4 0
go_lang/Assignment/user-curd/http/httpuser/http.go:124.8,129.3 4 0
