mode: set
go_lang/Assignment/user-curd/http/httpuser/http.go:15.84,19.24 2 0
go_lang/Assignment/user-curd/http/httpuser/http.go:20.22,24.19 2 0
go_lang/Assignment/user-curd/http/httpuser/http.go:64.23,69.17 4 0
go_lang/Assignment/user-curd/http/httpuser/http.go:76.3,78.17 2 0
go_lang/Assignment/user-curd/http/httpuser/http.go:88.22,93.17 4 0
go_lang/Assignment/user-curd/http/httpuser/http.go:100.3,102.17 2 0
go_lang/Assignment/user-curd/http/httpuser/http.go:113.25,120.28 4 0
go_lang/Assignment/user-curd/http/httpuser/http.go:24.19,27.18 2 0
go_lang/Assignment/user-curd/http/httpuser/http.go:27.18,33.5 5 0
go_lang/Assignment/user-curd/http/httpuser/http.go:33.10,37.5 3 0
go_lang/Assignment/user-curd/http/httpuser/http.go:39.9,43.18 2 0
go_lang/Assignment/user-curd/http/httpuser/http.go:51.4,53.18 2 0
go_lang/Assignment/user-curd/http/httpuser/http.go:60.4,62.43 3 0
go_lang/Assignment/user-curd/http/httpuser/http.go:43.18,49.5 5 0
go_lang/Assignment/user-curd/http/httpuser/http.go:53.18,58.5 4 0
go_lang/Assignment/user-curd/http/httpuser/http.go:69.17,74.4 4 0
go_lang/Assignment/user-curd/http/httpuser/http.go:78.17,83.4 4 0
go_lang/Assignment/user-curd/http/httpuser/http.go:83.9,87.4 3 0
go_lang/Assignment/user-curd/http/httpuser/http.go:93.17,98.4 4 0
go_lang/Assignment/user-curd/http/httpuser/http.go:102.17,107.4 4 0
go_lang/Assignment/user-curd/http/httpuser/http.go:107.9,112.4 4 0
go_lang/Assignment/user-curd/http/httpuser/http.go:120.28,125.4 4 0
go_lang/Assignment/user-curd/http/httpuser/http.go:125.9,130.4 4 0
go_lang/Assignment/user-curd/middleware/filter.go:10.48,11.72 1 0
go_lang/Assignment/user-curd/middleware/filter.go:11.72,14.16 3 0
go_lang/Assignment/user-curd/middleware/filter.go:17.3,17.15 1 0
go_lang/Assignment/user-curd/middleware/filter.go:23.3,23.27 1 0
go_lang/Assignment/user-curd/middleware/filter.go:14.16,16.4 1 0
go_lang/Assignment/user-curd/middleware/filter.go:17.15,22.4 4 0
go_lang/Assignment/user-curd/main.go:17.24,19.18 2 0
go_lang/Assignment/user-curd/main.go:24.2,24.19 1 0
go_lang/Assignment/user-curd/main.go:19.18,22.3 2 0
go_lang/Assignment/user-curd/main.go:27.100,29.2 1 0
go_lang/Assignment/user-curd/main.go:31.13,50.2 11 0
go_lang/Assignment/user-curd/services/user/function.go:8.39,11.2 2 1
go_lang/Assignment/user-curd/services/user/function.go:13.40,16.2 2 1
go_lang/Assignment/user-curd/services/user/function.go:18.36,19.48 1 1
go_lang/Assignment/user-curd/services/user/function.go:22.2,22.13 1 1
go_lang/Assignment/user-curd/services/user/function.go:19.48,21.3 1 1
go_lang/Assignment/user-curd/services/user/service.go:14.44,16.2 1 1
go_lang/Assignment/user-curd/services/user/service.go:18.64,20.31 1 1
go_lang/Assignment/user-curd/services/user/service.go:24.2,24.31 1 1
go_lang/Assignment/user-curd/services/user/service.go:27.2,28.19 2 1
go_lang/Assignment/user-curd/services/user/service.go:31.2,31.12 1 1
go_lang/Assignment/user-curd/services/user/service.go:20.31,22.3 1 1
go_lang/Assignment/user-curd/services/user/service.go:24.31,26.3 1 1
go_lang/Assignment/user-curd/services/user/service.go:28.19,30.3 1 1
go_lang/Assignment/user-curd/services/user/service.go:34.70,39.2 2 1
go_lang/Assignment/user-curd/services/user/service.go:41.69,43.2 1 1
go_lang/Assignment/user-curd/services/user/service.go:45.67,47.31 1 1
go_lang/Assignment/user-curd/services/user/service.go:51.2,51.31 1 1
go_lang/Assignment/user-curd/services/user/service.go:55.2,56.16 2 1
go_lang/Assignment/user-curd/services/user/service.go:59.2,59.12 1 1
go_lang/Assignment/user-curd/services/user/service.go:47.31,49.3 1 1
go_lang/Assignment/user-curd/services/user/service.go:51.31,53.3 1 1
go_lang/Assignment/user-curd/services/user/service.go:56.16,58.3 1 1
go_lang/Assignment/user-curd/services/user/service.go:62.58,65.16 2 1
go_lang/Assignment/user-curd/services/user/service.go:68.2,68.12 1 1
go_lang/Assignment/user-curd/services/user/service.go:65.16,67.3 1 1
go_lang/Assignment/user-curd/services/mock_interface.go:25.61,29.2 3 0
go_lang/Assignment/user-curd/services/mock_interface.go:32.59,34.2 1 0
go_lang/Assignment/user-curd/services/mock_interface.go:37.55,42.2 4 0
go_lang/Assignment/user-curd/services/mock_interface.go:45.75,48.2 2 0
go_lang/Assignment/user-curd/services/mock_interface.go:51.61,57.2 5 0
go_lang/Assignment/user-curd/services/mock_interface.go:60.74,63.2 2 0
go_lang/Assignment/user-curd/services/mock_interface.go:66.60,72.2 5 0
go_lang/Assignment/user-curd/services/mock_interface.go:75.63,78.2 2 0
go_lang/Assignment/user-curd/services/mock_interface.go:81.59,86.2 4 0
go_lang/Assignment/user-curd/services/mock_interface.go:89.79,92.2 2 0
go_lang/Assignment/user-curd/services/mock_interface.go:95.49,100.2 4 0
go_lang/Assignment/user-curd/services/mock_interface.go:103.77,106.2 2 0
go_lang/Assignment/user-curd/stores/mock_interface.go:25.53,29.2 3 1
go_lang/Assignment/user-curd/stores/mock_interface.go:32.51,34.2 1 1
go_lang/Assignment/user-curd/stores/mock_interface.go:37.51,42.2 4 1
go_lang/Assignment/user-curd/stores/mock_interface.go:45.71,48.2 2 1
go_lang/Assignment/user-curd/stores/mock_interface.go:51.57,57.2 5 1
go_lang/Assignment/user-curd/stores/mock_interface.go:60.70,63.2 2 1
go_lang/Assignment/user-curd/stores/mock_interface.go:66.53,72.2 5 1
go_lang/Assignment/user-curd/stores/mock_interface.go:75.56,78.2 2 1
go_lang/Assignment/user-curd/stores/mock_interface.go:81.51,86.2 4 1
go_lang/Assignment/user-curd/stores/mock_interface.go:89.71,92.2 2 1
go_lang/Assignment/user-curd/stores/mock_interface.go:95.41,100.2 4 1
go_lang/Assignment/user-curd/stores/mock_interface.go:103.69,106.2 2 1
go_lang/Assignment/user-curd/stores/user/store.go:14.34,16.2 1 0
go_lang/Assignment/user-curd/stores/user/store.go:18.57,20.18 2 0
go_lang/Assignment/user-curd/stores/user/store.go:23.2,23.12 1 0
go_lang/Assignment/user-curd/stores/user/store.go:20.18,22.3 1 0
go_lang/Assignment/user-curd/stores/user/store.go:26.63,31.2 4 0
go_lang/Assignment/user-curd/stores/user/store.go:33.59,36.18 3 0
go_lang/Assignment/user-curd/stores/user/store.go:39.2,40.18 2 0
go_lang/Assignment/user-curd/stores/user/store.go:45.2,45.22 1 0
go_lang/Assignment/user-curd/stores/user/store.go:36.18,38.3 1 0
go_lang/Assignment/user-curd/stores/user/store.go:40.18,44.3 3 0
go_lang/Assignment/user-curd/stores/user/store.go:48.57,53.21 3 0
go_lang/Assignment/user-curd/stores/user/store.go:58.2,58.22 1 0
go_lang/Assignment/user-curd/stores/user/store.go:63.2,63.22 1 0
go_lang/Assignment/user-curd/stores/user/store.go:68.2,68.19 1 0
go_lang/Assignment/user-curd/stores/user/store.go:73.2,73.17 1 0
go_lang/Assignment/user-curd/stores/user/store.go:80.2,81.16 2 0
go_lang/Assignment/user-curd/stores/user/store.go:84.2,84.12 1 0
go_lang/Assignment/user-curd/stores/user/store.go:53.21,56.3 2 0
go_lang/Assignment/user-curd/stores/user/store.go:58.22,61.3 2 0
go_lang/Assignment/user-curd/stores/user/store.go:63.22,66.3 2 0
go_lang/Assignment/user-curd/stores/user/store.go:68.19,71.3 2 0
go_lang/Assignment/user-curd/stores/user/store.go:73.17,76.3 2 0
go_lang/Assignment/user-curd/stores/user/store.go:76.8,78.3 1 0
go_lang/Assignment/user-curd/stores/user/store.go:81.16,83.3 1 0
go_lang/Assignment/user-curd/stores/user/store.go:87.47,89.18 2 0
go_lang/Assignment/user-curd/stores/user/store.go:92.2,92.12 1 0
go_lang/Assignment/user-curd/stores/user/store.go:89.18,91.3 1 0
go_lang/Assignment/user-curd/middleware/filter.go:10.48,11.72 1 0
go_lang/Assignment/user-curd/middleware/filter.go:11.72,14.16 3 0
go_lang/Assignment/user-curd/middleware/filter.go:17.3,17.15 1 0
go_lang/Assignment/user-curd/middleware/filter.go:23.3,23.27 1 0
go_lang/Assignment/user-curd/middleware/filter.go:14.16,16.4 1 0
go_lang/Assignment/user-curd/middleware/filter.go:17.15,22.4 4 0
go_lang/Assignment/user-curd/stores/user/store.go:14.34,16.2 1 0
go_lang/Assignment/user-curd/stores/user/store.go:18.57,20.18 2 0
go_lang/Assignment/user-curd/stores/user/store.go:23.2,23.12 1 0
go_lang/Assignment/user-curd/stores/user/store.go:20.18,22.3 1 0
go_lang/Assignment/user-curd/stores/user/store.go:26.63,31.2 4 0
go_lang/Assignment/user-curd/stores/user/store.go:33.59,36.18 3 0
go_lang/Assignment/user-curd/stores/user/store.go:39.2,40.18 2 0
go_lang/Assignment/user-curd/stores/user/store.go:45.2,45.22 1 0
go_lang/Assignment/user-curd/stores/user/store.go:36.18,38.3 1 0
go_lang/Assignment/user-curd/stores/user/store.go:40.18,44.3 3 0
go_lang/Assignment/user-curd/stores/user/store.go:48.57,53.21 3 0
go_lang/Assignment/user-curd/stores/user/store.go:58.2,58.22 1 0
go_lang/Assignment/user-curd/stores/user/store.go:63.2,63.22 1 0
go_lang/Assignment/user-curd/stores/user/store.go:68.2,68.19 1 0
go_lang/Assignment/user-curd/stores/user/store.go:73.2,73.17 1 0
go_lang/Assignment/user-curd/stores/user/store.go:80.2,81.16 2 0
go_lang/Assignment/user-curd/stores/user/store.go:84.2,84.12 1 0
go_lang/Assignment/user-curd/stores/user/store.go:53.21,56.3 2 0
go_lang/Assignment/user-curd/stores/user/store.go:58.22,61.3 2 0
go_lang/Assignment/user-curd/stores/user/store.go:63.22,66.3 2 0
go_lang/Assignment/user-curd/stores/user/store.go:68.19,71.3 2 0
go_lang/Assignment/user-curd/stores/user/store.go:73.17,76.3 2 0
go_lang/Assignment/user-curd/stores/user/store.go:76.8,78.3 1 0
go_lang/Assignment/user-curd/stores/user/store.go:81.16,83.3 1 0
go_lang/Assignment/user-curd/stores/user/store.go:87.47,89.18 2 0
go_lang/Assignment/user-curd/stores/user/store.go:92.2,92.12 1 0
go_lang/Assignment/user-curd/stores/user/store.go:89.18,91.3 1 0
go_lang/Assignment/user-curd/services/user/service.go:14.44,16.2 1 0
go_lang/Assignment/user-curd/services/user/service.go:18.64,20.31 1 0
go_lang/Assignment/user-curd/services/user/service.go:24.2,24.31 1 0
go_lang/Assignment/user-curd/services/user/service.go:27.2,28.19 2 0
go_lang/Assignment/user-curd/services/user/service.go:31.2,31.12 1 0
go_lang/Assignment/user-curd/services/user/service.go:20.31,22.3 1 0
go_lang/Assignment/user-curd/services/user/service.go:24.31,26.3 1 0
go_lang/Assignment/user-curd/services/user/service.go:28.19,30.3 1 0
go_lang/Assignment/user-curd/services/user/service.go:34.70,39.2 2 0
go_lang/Assignment/user-curd/services/user/service.go:41.69,43.2 1 0
go_lang/Assignment/user-curd/services/user/service.go:45.67,47.31 1 0
go_lang/Assignment/user-curd/services/user/service.go:51.2,51.31 1 0
go_lang/Assignment/user-curd/services/user/service.go:55.2,56.16 2 0
go_lang/Assignment/user-curd/services/user/service.go:59.2,59.12 1 0
go_lang/Assignment/user-curd/services/user/service.go:47.31,49.3 1 0
go_lang/Assignment/user-curd/services/user/service.go:51.31,53.3 1 0
go_lang/Assignment/user-curd/services/user/service.go:56.16,58.3 1 0
go_lang/Assignment/user-curd/services/user/service.go:62.58,65.16 2 0
go_lang/Assignment/user-curd/services/user/service.go:68.2,68.12 1 0
go_lang/Assignment/user-curd/services/user/service.go:65.16,67.3 1 0
go_lang/Assignment/user-curd/services/user/function.go:8.39,11.2 2 0
go_lang/Assignment/user-curd/services/user/function.go:13.40,16.2 2 0
go_lang/Assignment/user-curd/services/user/function.go:18.36,19.48 1 0
go_lang/Assignment/user-curd/services/user/function.go:22.2,22.13 1 0
go_lang/Assignment/user-curd/services/user/function.go:19.48,21.3 1 0
go_lang/Assignment/user-curd/main.go:17.24,19.18 2 0
go_lang/Assignment/user-curd/main.go:24.2,24.19 1 0
go_lang/Assignment/user-curd/main.go:19.18,22.3 2 0
go_lang/Assignment/user-curd/main.go:27.100,29.2 1 0
go_lang/Assignment/user-curd/main.go:31.13,50.2 11 0
go_lang/Assignment/user-curd/http/httpuser/http.go:15.84,19.24 2 1
go_lang/Assignment/user-curd/http/httpuser/http.go:20.22,24.19 2 1
go_lang/Assignment/user-curd/http/httpuser/http.go:64.23,69.17 4 1
go_lang/Assignment/user-curd/http/httpuser/http.go:76.3,78.17 2 1
go_lang/Assignment/user-curd/http/httpuser/http.go:88.22,93.17 4 1
go_lang/Assignment/user-curd/http/httpuser/http.go:100.3,102.17 2 1
go_lang/Assignment/user-curd/http/httpuser/http.go:113.25,120.28 4 1
go_lang/Assignment/user-curd/http/httpuser/http.go:24.19,27.18 2 1
go_lang/Assignment/user-curd/http/httpuser/http.go:27.18,33.5 5 1
go_lang/Assignment/user-curd/http/httpuser/http.go:33.10,37.5 3 1
go_lang/Assignment/user-curd/http/httpuser/http.go:39.9,43.18 2 1
go_lang/Assignment/user-curd/http/httpuser/http.go:51.4,53.18 2 1
go_lang/Assignment/user-curd/http/httpuser/http.go:60.4,62.43 3 1
go_lang/Assignment/user-curd/http/httpuser/http.go:43.18,49.5 5 1
go_lang/Assignment/user-curd/http/httpuser/http.go:53.18,58.5 4 1
go_lang/Assignment/user-curd/http/httpuser/http.go:69.17,74.4 4 1
go_lang/Assignment/user-curd/http/httpuser/http.go:78.17,83.4 4 1
go_lang/Assignment/user-curd/http/httpuser/http.go:83.9,87.4 3 1
go_lang/Assignment/user-curd/http/httpuser/http.go:93.17,98.4 4 1
go_lang/Assignment/user-curd/http/httpuser/http.go:102.17,107.4 4 1
go_lang/Assignment/user-curd/http/httpuser/http.go:107.9,112.4 4 1
go_lang/Assignment/user-curd/http/httpuser/http.go:120.28,125.4 4 1
go_lang/Assignment/user-curd/http/httpuser/http.go:125.9,130.4 4 1
go_lang/Assignment/user-curd/services/mock_interface.go:25.61,29.2 3 1
go_lang/Assignment/user-curd/services/mock_interface.go:32.59,34.2 1 1
go_lang/Assignment/user-curd/services/mock_interface.go:37.55,42.2 4 1
go_lang/Assignment/user-curd/services/mock_interface.go:45.75,48.2 2 1
go_lang/Assignment/user-curd/services/mock_interface.go:51.61,57.2 5 1
go_lang/Assignment/user-curd/services/mock_interface.go:60.74,63.2 2 1
go_lang/Assignment/user-curd/services/mock_interface.go:66.60,72.2 5 1
go_lang/Assignment/user-curd/services/mock_interface.go:75.63,78.2 2 1
go_lang/Assignment/user-curd/services/mock_interface.go:81.59,86.2 4 1
go_lang/Assignment/user-curd/services/mock_interface.go:89.79,92.2 2 1
go_lang/Assignment/user-curd/services/mock_interface.go:95.49,100.2 4 1
go_lang/Assignment/user-curd/services/mock_interface.go:103.77,106.2 2 1
go_lang/Assignment/user-curd/stores/mock_interface.go:25.53,29.2 3 0
go_lang/Assignment/user-curd/stores/mock_interface.go:32.51,34.2 1 0
go_lang/Assignment/user-curd/stores/mock_interface.go:37.51,42.2 4 0
go_lang/Assignment/user-curd/stores/mock_interface.go:45.71,48.2 2 0
go_lang/Assignment/user-curd/stores/mock_interface.go:51.57,57.2 5 0
go_lang/Assignment/user-curd/stores/mock_interface.go:60.70,63.2 2 0
go_lang/Assignment/user-curd/stores/mock_interface.go:66.53,72.2 5 0
go_lang/Assignment/user-curd/stores/mock_interface.go:75.56,78.2 2 0
go_lang/Assignment/user-curd/stores/mock_interface.go:81.51,86.2 4 0
go_lang/Assignment/user-curd/stores/mock_interface.go:89.71,92.2 2 0
go_lang/Assignment/user-curd/stores/mock_interface.go:95.41,100.2 4 0
go_lang/Assignment/user-curd/stores/mock_interface.go:103.69,106.2 2 0
go_lang/Assignment/user-curd/http/httpuser/http.go:15.84,19.24 2 0
go_lang/Assignment/user-curd/http/httpuser/http.go:20.22,24.19 2 0
go_lang/Assignment/user-curd/http/httpuser/http.go:64.23,69.17 4 0
go_lang/Assignment/user-curd/http/httpuser/http.go:76.3,78.17 2 0
go_lang/Assignment/user-curd/http/httpuser/http.go:88.22,93.17 4 0
go_lang/Assignment/user-curd/http/httpuser/http.go:100.3,102.17 2 0
go_lang/Assignment/user-curd/http/httpuser/http.go:113.25,120.28 4 0
go_lang/Assignment/user-curd/http/httpuser/http.go:24.19,27.18 2 0
go_lang/Assignment/user-curd/http/httpuser/http.go:27.18,33.5 5 0
go_lang/Assignment/user-curd/http/httpuser/http.go:33.10,37.5 3 0
go_lang/Assignment/user-curd/http/httpuser/http.go:39.9,43.18 2 0
go_lang/Assignment/user-curd/http/httpuser/http.go:51.4,53.18 2 0
go_lang/Assignment/user-curd/http/httpuser/http.go:60.4,62.43 3 0
go_lang/Assignment/user-curd/http/httpuser/http.go:43.18,49.5 5 0
go_lang/Assignment/user-curd/http/httpuser/http.go:53.18,58.5 4 0
go_lang/Assignment/user-curd/http/httpuser/http.go:69.17,74.4 4 0
go_lang/Assignment/user-curd/http/httpuser/http.go:78.17,83.4 4 0
go_lang/Assignment/user-curd/http/httpuser/http.go:83.9,87.4 3 0
go_lang/Assignment/user-curd/http/httpuser/http.go:93.17,98.4 4 0
go_lang/Assignment/user-curd/http/httpuser/http.go:102.17,107.4 4 0
go_lang/Assignment/user-curd/http/httpuser/http.go:107.9,112.4 4 0
go_lang/Assignment/user-curd/http/httpuser/http.go:120.28,125.4 4 0
go_lang/Assignment/user-curd/http/httpuser/http.go:125.9,130.4 4 0
go_lang/Assignment/user-curd/stores/mock_interface.go:25.53,29.2 3 0
go_lang/Assignment/user-curd/stores/mock_interface.go:32.51,34.2 1 0
go_lang/Assignment/user-curd/stores/mock_interface.go:37.51,42.2 4 0
go_lang/Assignment/user-curd/stores/mock_interface.go:45.71,48.2 2 0
go_lang/Assignment/user-curd/stores/mock_interface.go:51.57,57.2 5 0
go_lang/Assignment/user-curd/stores/mock_interface.go:60.70,63.2 2 0
go_lang/Assignment/user-curd/stores/mock_interface.go:66.53,72.2 5 0
go_lang/Assignment/user-curd/stores/mock_interface.go:75.56,78.2 2 0
go_lang/Assignment/user-curd/stores/mock_interface.go:81.51,86.2 4 0
go_lang/Assignment/user-curd/stores/mock_interface.go:89.71,92.2 2 0
go_lang/Assignment/user-curd/stores/mock_interface.go:95.41,100.2 4 0
go_lang/Assignment/user-curd/stores/mock_interface.go:103.69,106.2 2 0
go_lang/Assignment/user-curd/main.go:17.24,19.18 2 0
go_lang/Assignment/user-curd/main.go:24.2,24.19 1 0
go_lang/Assignment/user-curd/main.go:19.18,22.3 2 0
go_lang/Assignment/user-curd/main.go:27.100,29.2 1 0
go_lang/Assignment/user-curd/main.go:31.13,50.2 11 0
go_lang/Assignment/user-curd/services/mock_interface.go:25.61,29.2 3 0
go_lang/Assignment/user-curd/services/mock_interface.go:32.59,34.2 1 0
go_lang/Assignment/user-curd/services/mock_interface.go:37.55,42.2 4 0
go_lang/Assignment/user-curd/services/mock_interface.go:45.75,48.2 2 0
go_lang/Assignment/user-curd/services/mock_interface.go:51.61,57.2 5 0
go_lang/Assignment/user-curd/services/mock_interface.go:60.74,63.2 2 0
go_lang/Assignment/user-curd/services/mock_interface.go:66.60,72.2 5 0
go_lang/Assignment/user-curd/services/mock_interface.go:75.63,78.2 2 0
go_lang/Assignment/user-curd/services/mock_interface.go:81.59,86.2 4 0
go_lang/Assignment/user-curd/services/mock_interface.go:89.79,92.2 2 0
go_lang/Assignment/user-curd/services/mock_interface.go:95.49,100.2 4 0
go_lang/Assignment/user-curd/services/mock_interface.go:103.77,106.2 2 0
go_lang/Assignment/user-curd/services/user/function.go:8.39,11.2 2 0
go_lang/Assignment/user-curd/services/user/function.go:13.40,16.2 2 0
go_lang/Assignment/user-curd/services/user/function.go:18.36,19.48 1 0
go_lang/Assignment/user-curd/services/user/function.go:22.2,22.13 1 0
go_lang/Assignment/user-curd/services/user/function.go:19.48,21.3 1 0
go_lang/Assignment/user-curd/services/user/service.go:14.44,16.2 1 0
go_lang/Assignment/user-curd/services/user/service.go:18.64,20.31 1 0
go_lang/Assignment/user-curd/services/user/service.go:24.2,24.31 1 0
go_lang/Assignment/user-curd/services/user/service.go:27.2,28.19 2 0
go_lang/Assignment/user-curd/services/user/service.go:31.2,31.12 1 0
go_lang/Assignment/user-curd/services/user/service.go:20.31,22.3 1 0
go_lang/Assignment/user-curd/services/user/service.go:24.31,26.3 1 0
go_lang/Assignment/user-curd/services/user/service.go:28.19,30.3 1 0
go_lang/Assignment/user-curd/services/user/service.go:34.70,39.2 2 0
go_lang/Assignment/user-curd/services/user/service.go:41.69,43.2 1 0
go_lang/Assignment/user-curd/services/user/service.go:45.67,47.31 1 0
go_lang/Assignment/user-curd/services/user/service.go:51.2,51.31 1 0
go_lang/Assignment/user-curd/services/user/service.go:55.2,56.16 2 0
go_lang/Assignment/user-curd/services/user/service.go:59.2,59.12 1 0
go_lang/Assignment/user-curd/services/user/service.go:47.31,49.3 1 0
go_lang/Assignment/user-curd/services/user/service.go:51.31,53.3 1 0
go_lang/Assignment/user-curd/services/user/service.go:56.16,58.3 1 0
go_lang/Assignment/user-curd/services/user/service.go:62.58,65.16 2 0
go_lang/Assignment/user-curd/services/user/service.go:68.2,68.12 1 0
go_lang/Assignment/user-curd/services/user/service.go:65.16,67.3 1 0
go_lang/Assignment/user-curd/middleware/filter.go:10.48,11.72 1 0
go_lang/Assignment/user-curd/middleware/filter.go:11.72,14.16 3 0
go_lang/Assignment/user-curd/middleware/filter.go:17.3,17.15 1 0
go_lang/Assignment/user-curd/middleware/filter.go:23.3,23.27 1 0
go_lang/Assignment/user-curd/middleware/filter.go:14.16,16.4 1 0
go_lang/Assignment/user-curd/middleware/filter.go:17.15,22.4 4 0
go_lang/Assignment/user-curd/stores/user/store.go:14.34,16.2 1 1
go_lang/Assignment/user-curd/stores/user/store.go:18.57,20.18 2 1
go_lang/Assignment/user-curd/stores/user/store.go:23.2,23.12 1 1
go_lang/Assignment/user-curd/stores/user/store.go:20.18,22.3 1 1
go_lang/Assignment/user-curd/stores/user/store.go:26.63,31.2 4 1
go_lang/Assignment/user-curd/stores/user/store.go:33.59,36.18 3 1
go_lang/Assignment/user-curd/stores/user/store.go:39.2,40.18 2 1
go_lang/Assignment/user-curd/stores/user/store.go:45.2,45.22 1 1
go_lang/Assignment/user-curd/stores/user/store.go:36.18,38.3 1 1
go_lang/Assignment/user-curd/stores/user/store.go:40.18,44.3 3 1
go_lang/Assignment/user-curd/stores/user/store.go:48.57,53.21 3 1
go_lang/Assignment/user-curd/stores/user/store.go:58.2,58.22 1 1
go_lang/Assignment/user-curd/stores/user/store.go:63.2,63.22 1 1
go_lang/Assignment/user-curd/stores/user/store.go:68.2,68.19 1 1
go_lang/Assignment/user-curd/stores/user/store.go:73.2,73.17 1 1
go_lang/Assignment/user-curd/stores/user/store.go:80.2,81.16 2 1
go_lang/Assignment/user-curd/stores/user/store.go:84.2,84.12 1 1
go_lang/Assignment/user-curd/stores/user/store.go:53.21,56.3 2 1
go_lang/Assignment/user-curd/stores/user/store.go:58.22,61.3 2 1
go_lang/Assignment/user-curd/stores/user/store.go:63.22,66.3 2 1
go_lang/Assignment/user-curd/stores/user/store.go:68.19,71.3 2 1
go_lang/Assignment/user-curd/stores/user/store.go:73.17,76.3 2 1
go_lang/Assignment/user-curd/stores/user/store.go:76.8,78.3 1 1
go_lang/Assignment/user-curd/stores/user/store.go:81.16,83.3 1 1
go_lang/Assignment/user-curd/stores/user/store.go:87.47,89.18 2 1
go_lang/Assignment/user-curd/stores/user/store.go:92.2,92.12 1 1
go_lang/Assignment/user-curd/stores/user/store.go:89.18,91.3 1 1
