mode: set
user-curd/service/users/service.go:14.60,18.2 1 1
user-curd/service/users/service.go:21.38,24.9 2 1
user-curd/service/users/service.go:27.2,27.15 1 1
user-curd/service/users/service.go:30.2,30.13 1 1
user-curd/service/users/service.go:24.9,26.3 1 1
user-curd/service/users/service.go:27.15,29.3 1 1
user-curd/service/users/service.go:34.39,37.2 2 1
user-curd/service/users/service.go:40.39,43.2 2 1
user-curd/service/users/service.go:45.83,46.20 1 1
user-curd/service/users/service.go:53.2,53.62 1 1
user-curd/service/users/service.go:46.20,48.17 2 1
user-curd/service/users/service.go:51.3,51.19 1 1
user-curd/service/users/service.go:48.17,50.4 1 1
user-curd/service/users/service.go:56.71,58.2 1 1
user-curd/service/users/service.go:60.68,61.26 1 1
user-curd/service/users/service.go:64.2,64.32 1 1
user-curd/service/users/service.go:67.2,67.32 1 1
user-curd/service/users/service.go:70.2,70.44 1 1
user-curd/service/users/service.go:61.26,63.3 1 1
user-curd/service/users/service.go:64.32,66.3 1 1
user-curd/service/users/service.go:67.32,69.3 1 1
user-curd/service/users/service.go:73.68,74.26 1 1
user-curd/service/users/service.go:77.2,77.32 1 1
user-curd/service/users/service.go:80.2,80.32 1 1
user-curd/service/users/service.go:83.2,83.44 1 1
user-curd/service/users/service.go:74.26,76.3 1 1
user-curd/service/users/service.go:77.32,79.3 1 1
user-curd/service/users/service.go:80.32,82.3 1 1
user-curd/service/users/service.go:86.64,87.21 1 1
user-curd/service/users/service.go:90.2,90.42 1 1
user-curd/service/users/service.go:87.21,89.3 1 1
