mode: set
user-curd/datastore/users/store.go:14.29,18.2 1 1
user-curd/datastore/users/store.go:21.69,30.16 4 1
user-curd/datastore/users/store.go:33.2,33.19 1 1
user-curd/datastore/users/store.go:30.16,32.3 1 1
user-curd/datastore/users/store.go:37.57,44.16 4 1
user-curd/datastore/users/store.go:49.2,49.18 1 1
user-curd/datastore/users/store.go:54.2,54.18 1 1
user-curd/datastore/users/store.go:44.16,46.3 1 1
user-curd/datastore/users/store.go:49.18,53.3 3 1
user-curd/datastore/users/store.go:58.51,64.16 3 1
user-curd/datastore/users/store.go:68.2,68.12 1 1
user-curd/datastore/users/store.go:64.16,67.3 2 1
user-curd/datastore/users/store.go:71.57,76.15 3 1
user-curd/datastore/users/store.go:79.2,79.18 1 1
user-curd/datastore/users/store.go:83.2,83.19 1 1
user-curd/datastore/users/store.go:87.2,87.19 1 1
user-curd/datastore/users/store.go:91.2,91.16 1 1
user-curd/datastore/users/store.go:95.2,97.23 3 1
user-curd/datastore/users/store.go:76.15,78.3 1 1
user-curd/datastore/users/store.go:79.18,82.3 2 1
user-curd/datastore/users/store.go:83.19,86.3 2 1
user-curd/datastore/users/store.go:87.19,90.3 2 1
user-curd/datastore/users/store.go:91.16,94.3 2 1
user-curd/datastore/users/store.go:101.51,115.16 4 1
user-curd/datastore/users/store.go:118.2,118.12 1 1
user-curd/datastore/users/store.go:115.16,117.3 1 1
user-curd/datastore/users/store.go:122.50,128.16 3 1
user-curd/datastore/users/store.go:131.2,131.12 1 1
user-curd/datastore/users/store.go:128.16,130.3 1 1
