mode: set
user-curd/datastore/users/store.go:14.29,18.2 1 1
user-curd/datastore/users/store.go:21.69,30.16 4 1
user-curd/datastore/users/store.go:33.2,33.19 1 1
user-curd/datastore/users/store.go:30.16,32.3 1 1
user-curd/datastore/users/store.go:37.57,43.16 4 1
user-curd/datastore/users/store.go:48.2,48.18 1 1
user-curd/datastore/users/store.go:53.2,53.18 1 1
user-curd/datastore/users/store.go:43.16,45.3 1 1
user-curd/datastore/users/store.go:48.18,52.3 3 1
user-curd/datastore/users/store.go:57.51,63.16 3 1
user-curd/datastore/users/store.go:67.2,67.12 1 1
user-curd/datastore/users/store.go:63.16,66.3 2 1
user-curd/datastore/users/store.go:70.57,75.15 3 1
user-curd/datastore/users/store.go:78.2,78.18 1 1
user-curd/datastore/users/store.go:82.2,82.19 1 1
user-curd/datastore/users/store.go:86.2,86.19 1 1
user-curd/datastore/users/store.go:90.2,90.16 1 1
user-curd/datastore/users/store.go:94.2,96.23 3 1
user-curd/datastore/users/store.go:75.15,77.3 1 1
user-curd/datastore/users/store.go:78.18,81.3 2 1
user-curd/datastore/users/store.go:82.19,85.3 2 1
user-curd/datastore/users/store.go:86.19,89.3 2 1
user-curd/datastore/users/store.go:90.16,93.3 2 1
user-curd/datastore/users/store.go:100.51,106.16 4 1
user-curd/datastore/users/store.go:109.2,109.12 1 1
user-curd/datastore/users/store.go:106.16,108.3 1 1
user-curd/datastore/users/store.go:113.50,119.16 3 1
user-curd/datastore/users/store.go:122.2,122.12 1 1
user-curd/datastore/users/store.go:119.16,121.3 1 1
