mode: set
user-curd/service/users/service.go:13.60,17.2 1 1
user-curd/service/users/service.go:20.38,23.9 2 1
user-curd/service/users/service.go:26.2,26.15 1 1
user-curd/service/users/service.go:29.2,29.13 1 1
user-curd/service/users/service.go:23.9,25.3 1 1
user-curd/service/users/service.go:26.15,28.3 1 1
user-curd/service/users/service.go:33.39,34.25 1 1
user-curd/service/users/service.go:37.2,37.13 1 1
user-curd/service/users/service.go:34.25,36.3 1 1
user-curd/service/users/service.go:41.39,42.27 1 1
user-curd/service/users/service.go:45.2,45.13 1 1
user-curd/service/users/service.go:42.27,44.3 1 1
user-curd/service/users/service.go:48.83,49.20 1 1
user-curd/service/users/service.go:56.2,56.62 1 1
user-curd/service/users/service.go:49.20,51.17 2 1
user-curd/service/users/service.go:54.3,54.19 1 1
user-curd/service/users/service.go:51.17,53.4 1 1
user-curd/service/users/service.go:59.71,61.2 1 1
user-curd/service/users/service.go:63.68,64.26 1 1
user-curd/service/users/service.go:67.2,67.32 1 1
user-curd/service/users/service.go:70.2,70.32 1 1
user-curd/service/users/service.go:73.2,73.44 1 1
user-curd/service/users/service.go:64.26,66.3 1 1
user-curd/service/users/service.go:67.32,69.3 1 1
user-curd/service/users/service.go:70.32,72.3 1 1
user-curd/service/users/service.go:76.68,77.26 1 1
user-curd/service/users/service.go:80.2,80.32 1 1
user-curd/service/users/service.go:83.2,83.32 1 1
user-curd/service/users/service.go:86.2,86.44 1 1
user-curd/service/users/service.go:77.26,79.3 1 1
user-curd/service/users/service.go:80.32,82.3 1 1
user-curd/service/users/service.go:83.32,85.3 1 1
user-curd/service/users/service.go:89.64,90.21 1 1
user-curd/service/users/service.go:93.2,93.42 1 1
user-curd/service/users/service.go:90.21,92.3 1 1
