mode: set
user-curd/service/users/service.go:14.60,19.2 1 1
user-curd/service/users/service.go:22.38,26.9 2 1
user-curd/service/users/service.go:29.2,29.15 1 1
user-curd/service/users/service.go:32.2,32.13 1 1
user-curd/service/users/service.go:26.9,28.3 1 1
user-curd/service/users/service.go:29.15,31.3 1 1
user-curd/service/users/service.go:36.39,40.2 2 1
user-curd/service/users/service.go:43.39,47.2 2 1
user-curd/service/users/service.go:49.83,52.20 1 1
user-curd/service/users/service.go:59.2,59.62 1 1
user-curd/service/users/service.go:52.20,54.17 2 1
user-curd/service/users/service.go:57.3,57.19 1 1
user-curd/service/users/service.go:54.17,56.4 1 1
user-curd/service/users/service.go:62.71,65.2 1 1
user-curd/service/users/service.go:67.68,70.26 1 1
user-curd/service/users/service.go:73.2,73.32 1 1
user-curd/service/users/service.go:76.2,76.32 1 1
user-curd/service/users/service.go:79.2,79.44 1 1
user-curd/service/users/service.go:70.26,72.3 1 1
user-curd/service/users/service.go:73.32,75.3 1 1
user-curd/service/users/service.go:76.32,78.3 1 1
user-curd/service/users/service.go:82.68,85.26 1 1
user-curd/service/users/service.go:88.2,88.52 1 1
user-curd/service/users/service.go:91.2,91.52 1 1
user-curd/service/users/service.go:94.2,94.44 1 1
user-curd/service/users/service.go:85.26,87.3 1 1
user-curd/service/users/service.go:88.52,90.3 1 1
user-curd/service/users/service.go:91.52,93.3 1 1
user-curd/service/users/service.go:97.64,100.21 1 1
user-curd/service/users/service.go:103.2,103.42 1 1
user-curd/service/users/service.go:100.21,102.3 1 1
